<?xml version="1.0" encoding="UTF-8"?>
<!-- Generated by org.testng.reporters.JUnitReportReporter -->
<testsuite skipped="0" hostname="Kaans-MacBook-Pro.local" name="com.mockaroo.MockarooTG" tests="16" failures="0" timestamp="12 Nov 2018 20:56:11 GMT" time="17.552" errors="1">
  <testcase name="verifyTitle" time="0.118" classname="com.mockaroo.MockarooTG"/>
  <testcase name="realisticGen" time="0.075" classname="com.mockaroo.MockarooTG"/>
  <testcase name="removeX" time="6.329" classname="com.mockaroo.MockarooTG"/>
  <testcase name="fieldDisp" time="0.086" classname="com.mockaroo.MockarooTG"/>
  <testcase name="enabled" time="0.024" classname="com.mockaroo.MockarooTG"/>
  <testcase name="defaultNo" time="0.021" classname="com.mockaroo.MockarooTG"/>
  <testcase name="formatCsv" time="0.029" classname="com.mockaroo.MockarooTG"/>
  <testcase name="lineEnding" time="0.027" classname="com.mockaroo.MockarooTG"/>
  <testcase name="checkBox" time="0.049" classname="com.mockaroo.MockarooTG"/>
  <testcase name="clickonAdd" time="0.196" classname="com.mockaroo.MockarooTG"/>
  <testcase name="chooseType" time="1.121" classname="com.mockaroo.MockarooTG"/>
  <testcase name="searchCity" time="2.161" classname="com.mockaroo.MockarooTG"/>
  <testcase name="searchCountry" time="3.575" classname="com.mockaroo.MockarooTG"/>
  <testcase name="download" time="1.734" classname="com.mockaroo.MockarooTG"/>
  <testcase name="readlines" time="2.005" classname="com.mockaroo.MockarooTG"/>
  <testcase name="cityArrayList" time="0.002" classname="com.mockaroo.MockarooTG">
    <error type="java.lang.IndexOutOfBoundsException" message="Index: 0, Size: 0">
      <![CDATA[java.lang.IndexOutOfBoundsException: Index: 0, Size: 0
at java.util.ArrayList.rangeCheck(ArrayList.java:657)
at java.util.ArrayList.remove(ArrayList.java:496)
at com.mockaroo.MockarooTG.cityArrayList(MockarooTG.java:211)
at sun.reflect.NativeMethodAccessorImpl.invoke0(Native Method)
at sun.reflect.NativeMethodAccessorImpl.invoke(NativeMethodAccessorImpl.java:62)
at sun.reflect.DelegatingMethodAccessorImpl.invoke(DelegatingMethodAccessorImpl.java:43)
at java.lang.reflect.Method.invoke(Method.java:498)
at org.testng.internal.MethodInvocationHelper.invokeMethod(MethodInvocationHelper.java:124)
at org.testng.internal.Invoker.invokeMethod(Invoker.java:583)
at org.testng.internal.Invoker.invokeTestMethod(Invoker.java:719)
at org.testng.internal.Invoker.invokeTestMethods(Invoker.java:989)
at org.testng.internal.TestMethodWorker.invokeTestMethods(TestMethodWorker.java:125)
at org.testng.internal.TestMethodWorker.run(TestMethodWorker.java:109)
at org.testng.TestRunner.privateRun(TestRunner.java:648)
at org.testng.TestRunner.run(TestRunner.java:505)
at org.testng.SuiteRunner.runTest(SuiteRunner.java:455)
at org.testng.SuiteRunner.runSequentially(SuiteRunner.java:450)
at org.testng.SuiteRunner.privateRun(SuiteRunner.java:415)
at org.testng.SuiteRunner.run(SuiteRunner.java:364)
at org.testng.SuiteRunnerWorker.runSuite(SuiteRunnerWorker.java:52)
at org.testng.SuiteRunnerWorker.run(SuiteRunnerWorker.java:84)
at org.testng.TestNG.runSuitesSequentially(TestNG.java:1208)
at org.testng.TestNG.runSuitesLocally(TestNG.java:1137)
at org.testng.TestNG.runSuites(TestNG.java:1049)
at org.testng.TestNG.run(TestNG.java:1017)
at org.testng.remote.AbstractRemoteTestNG.run(AbstractRemoteTestNG.java:114)
at org.testng.remote.RemoteTestNG.initAndRun(RemoteTestNG.java:251)
at org.testng.remote.RemoteTestNG.main(RemoteTestNG.java:77)
]]>
    </error>
  </testcase> <!-- cityArrayList -->
</testsuite> <!-- com.mockaroo.MockarooTG -->
